01-11 20:03:52 com_github_MitjaNemec_SaveRestoreLayout.action_save_restore_layout 178:Plugin executed on: 'win32'
01-11 20:03:52 com_github_MitjaNemec_SaveRestoreLayout.action_save_restore_layout 179:Plugin executed with python version: '3.11.5 (main, Nov  3 2024, 06:58:22) [MSC v.1939 64 bit (AMD64)]'
01-11 20:03:52 com_github_MitjaNemec_SaveRestoreLayout.action_save_restore_layout 180:KiCad build version: 8.0.7
01-11 20:03:52 com_github_MitjaNemec_SaveRestoreLayout.action_save_restore_layout 181:Plugin version: 3.0.1
01-11 20:03:52 com_github_MitjaNemec_SaveRestoreLayout.action_save_restore_layout 182:Frame repr: <wx._core.Frame object at 0x00000225C6AE0A60>
01-11 20:03:52 com_github_MitjaNemec_SaveRestoreLayout.action_save_restore_layout 200:Anchor footprint reference is 'U4'
01-11 20:03:53 com_github_MitjaNemec_SaveRestoreLayout.action_save_restore_layout 280:Restore layout chosen
01-11 20:03:55 com_github_MitjaNemec_SaveRestoreLayout.action_save_restore_layout 75:Initialization start
01-11 20:03:55 com_github_MitjaNemec_SaveRestoreLayout.action_save_restore_layout 77:Initialization done Group name:
01-11 20:03:56 com_github_MitjaNemec_SaveRestoreLayout.save_restore_layout 788:Getting board info
01-11 20:03:56 com_github_MitjaNemec_SaveRestoreLayout.save_restore_layout 791:Get project schematics and layout data
01-11 20:03:56 com_github_MitjaNemec_SaveRestoreLayout.save_restore_layout 176:getting a list of all footprints on board
01-11 20:03:56 com_github_MitjaNemec_SaveRestoreLayout.save_restore_layout 800:There is more than one footprint with same ID in the target layout.This is due the multiple hierarchical sheets. The plugin can not resolve this issue
01-11 20:03:56 com_github_MitjaNemec_SaveRestoreLayout.save_restore_layout 800:There is more than one footprint with same ID in the target layout.This is due the multiple hierarchical sheets. The plugin can not resolve this issue
01-11 20:03:56 com_github_MitjaNemec_SaveRestoreLayout.save_restore_layout 800:There is more than one footprint with same ID in the target layout.This is due the multiple hierarchical sheets. The plugin can not resolve this issue
01-11 20:03:56 com_github_MitjaNemec_SaveRestoreLayout.save_restore_layout 805:Loading saved design
01-11 20:03:56 com_github_MitjaNemec_SaveRestoreLayout.save_restore_layout 830:Source level is:['OPV_mit_Tiefpass.kicad_sch']
01-11 20:03:56 com_github_MitjaNemec_SaveRestoreLayout.save_restore_layout 835:Destination footprint is:'U4'
01-11 20:03:56 com_github_MitjaNemec_SaveRestoreLayout.save_restore_layout 836:Destination levels available are:['OPV_mit_Tiefpass.kicad_sch']
01-11 20:03:56 com_github_MitjaNemec_SaveRestoreLayout.save_restore_layout 847:Destination level is:['OPV_mit_Tiefpass.kicad_sch']
01-11 20:03:56 com_github_MitjaNemec_SaveRestoreLayout.save_restore_layout 852:All sch files required are: ['OPV_mit_Tiefpass.kicad_sch']
01-11 20:03:56 com_github_MitjaNemec_SaveRestoreLayout.save_restore_layout 854:Getting current schematics hash
01-11 20:03:56 com_github_MitjaNemec_SaveRestoreLayout.save_restore_layout 865:Source hash is:'f1d123645819e4ad7a0c228c9f0ee89d'
01-11 20:03:56 com_github_MitjaNemec_SaveRestoreLayout.save_restore_layout 866:Destination hash is: 'f1d123645819e4ad7a0c228c9f0ee89d'
01-11 20:03:56 com_github_MitjaNemec_SaveRestoreLayout.save_restore_layout 883:Get layout data from saved board
01-11 20:03:56 com_github_MitjaNemec_SaveRestoreLayout.save_restore_layout 176:getting a list of all footprints on board
01-11 20:03:56 com_github_MitjaNemec_SaveRestoreLayout.save_restore_layout 1056:Replicating footprints
01-11 20:03:56 com_github_MitjaNemec_SaveRestoreLayout.save_restore_layout 1207:Replicating tracks
01-11 20:03:56 com_github_MitjaNemec_SaveRestoreLayout.save_restore_layout 1220:Net pairs are: [('/VOUTD', '/VOUTB'), ('Net-(U9--)', 'Net-(U5--)'), ('/OPV_mit_Tiefpass3/VDD+', '/OPV_mit_Tiefpass1/VDD+'), ('unconnected-(U9-NULL-Pad1)', 'unconnected-(U5-NULL-Pad1)'), ('unconnected-(U8-NULL-Pad1)', 'unconnected-(U4-NULL-Pad1)'), ('/OPV_mit_Tiefpass3/EEG_Out', '/OPV_mit_Tiefpass1/EEG_Out'), ('/OPV_mit_Tiefpass3/VSS-', '/OPV_mit_Tiefpass1/VSS-'), ('Net-(U8-+)', 'Net-(U4-+)'), ('unconnected-(U9-NULL-Pad5)', 'unconnected-(U5-NULL-Pad5)'), ('unconnected-(U9-NC-Pad8)', 'unconnected-(U5-NC-Pad8)'), ('unconnected-(U8-NC-Pad8)', 'unconnected-(U4-NC-Pad8)'), ('Net-(U9-+)', 'Net-(U5-+)'), ('GNDA', 'GNDA'), ('unconnected-(U8-NULL-Pad5)', 'unconnected-(U4-NULL-Pad5)')]
01-11 20:03:56 com_github_MitjaNemec_SaveRestoreLayout.save_restore_layout 1261:Replicating zones
01-11 20:03:56 com_github_MitjaNemec_SaveRestoreLayout.save_restore_layout 1274:Net pairs are: [('/VOUTD', '/VOUTB'), ('Net-(U9--)', 'Net-(U5--)'), ('/OPV_mit_Tiefpass3/VDD+', '/OPV_mit_Tiefpass1/VDD+'), ('unconnected-(U9-NULL-Pad1)', 'unconnected-(U5-NULL-Pad1)'), ('unconnected-(U8-NULL-Pad1)', 'unconnected-(U4-NULL-Pad1)'), ('/OPV_mit_Tiefpass3/EEG_Out', '/OPV_mit_Tiefpass1/EEG_Out'), ('/OPV_mit_Tiefpass3/VSS-', '/OPV_mit_Tiefpass1/VSS-'), ('Net-(U8-+)', 'Net-(U4-+)'), ('unconnected-(U9-NULL-Pad5)', 'unconnected-(U5-NULL-Pad5)'), ('unconnected-(U9-NC-Pad8)', 'unconnected-(U5-NC-Pad8)'), ('unconnected-(U8-NC-Pad8)', 'unconnected-(U4-NC-Pad8)'), ('Net-(U9-+)', 'Net-(U5-+)'), ('GNDA', 'GNDA'), ('unconnected-(U8-NULL-Pad5)', 'unconnected-(U4-NULL-Pad5)')]
01-11 20:03:56 com_github_MitjaNemec_SaveRestoreLayout.save_restore_layout 1339:Replicating text
01-11 20:03:56 com_github_MitjaNemec_SaveRestoreLayout.save_restore_layout 1374:Replicating drawings
01-11 20:03:56 com_github_MitjaNemec_SaveRestoreLayout.save_restore_layout 1387:Net pairs are: [('/VOUTD', '/VOUTB'), ('Net-(U9--)', 'Net-(U5--)'), ('/OPV_mit_Tiefpass3/VDD+', '/OPV_mit_Tiefpass1/VDD+'), ('unconnected-(U9-NULL-Pad1)', 'unconnected-(U5-NULL-Pad1)'), ('unconnected-(U8-NULL-Pad1)', 'unconnected-(U4-NULL-Pad1)'), ('/OPV_mit_Tiefpass3/EEG_Out', '/OPV_mit_Tiefpass1/EEG_Out'), ('/OPV_mit_Tiefpass3/VSS-', '/OPV_mit_Tiefpass1/VSS-'), ('Net-(U8-+)', 'Net-(U4-+)'), ('unconnected-(U9-NULL-Pad5)', 'unconnected-(U5-NULL-Pad5)'), ('unconnected-(U9-NC-Pad8)', 'unconnected-(U5-NC-Pad8)'), ('unconnected-(U8-NC-Pad8)', 'unconnected-(U4-NC-Pad8)'), ('Net-(U9-+)', 'Net-(U5-+)'), ('GNDA', 'GNDA'), ('unconnected-(U8-NULL-Pad5)', 'unconnected-(U4-NULL-Pad5)')]
